[0213/143126.988:ERROR:process_reader_win.cc(123)] NtOpenThread: {Access Denied} A process has requested access to an object, but has not been granted those access rights. (0xc0000022)
[0213/143127.060:ERROR:exception_snapshot_win.cc(98)] thread ID 5936 not found in process
<<<<<<< HEAD
<<<<<<< HEAD
t[0215/140014.264:ERROR:process_reader_win.cc(123)] NtOpenThread: {Access Denied} A process has requested access to an object, but has not been granted those access rights. (0xc0000022)
[0215/140014.264:ERROR:exception_snapshot_win.cc(98)] thread ID 11224 not found in process
=======
>>>>>>> 52cec794f8945946f2e0b625c3a03dd51c1378dd
=======
>>>>>>> 52cec794f8945946f2e0b625c3a03dd51c1378dd
[0215/154229.357:ERROR:process_reader_win.cc(123)] NtOpenThread: {Access Denied} A process has requested access to an object, but has not been granted those access rights. (0xc0000022)
[0215/154229.357:ERROR:exception_snapshot_win.cc(98)] thread ID 16752 not found in process
[0215/230905.236:ERROR:process_reader_win.cc(123)] NtOpenThread: {Access Denied} A process has requested access to an object, but has not been granted those access rights. (0xc0000022)
[0215/230905.270:ERROR:exception_snapshot_win.cc(98)] thread ID 7324 not found in process
[0215/235921.638:ERROR:process_reader_win.cc(123)] NtOpenThread: {Access Denied} A process has requested access to an object, but has not been granted those access rights. (0xc0000022)
[0215/235921.638:ERROR:exception_snapshot_win.cc(98)] thread ID 7252 not found in process
[0216/013351.500:ERROR:process_reader_win.cc(123)] NtOpenThread: {Access Denied} A process has requested access to an object, but has not been granted those access rights. (0xc0000022)
[0216/013351.500:ERROR:exception_snapshot_win.cc(98)] thread ID 11500 not found in process
[0216/021541.297:ERROR:process_reader_win.cc(123)] NtOpenThread: {Access Denied} A process has requested access to an object, but has not been granted those access rights. (0xc0000022)
[0216/021541.298:ERROR:exception_snapshot_win.cc(98)] thread ID 7256 not found in process
[0216/023600.539:ERROR:process_reader_win.cc(123)] NtOpenThread: {Access Denied} A process has requested access to an object, but has not been granted those access rights. (0xc0000022)
[0216/023600.540:ERROR:exception_snapshot_win.cc(98)] thread ID 8576 not found in process
[0217/131552.066:ERROR:process_reader_win.cc(123)] NtOpenThread: {Access Denied} A process has requested access to an object, but has not been granted those access rights. (0xc0000022)
[0217/131552.103:ERROR:exception_snapshot_win.cc(98)] thread ID 5944 not found in process
[0218/101309.997:ERROR:process_reader_win.cc(123)] NtOpenThread: {Access Denied} A process has requested access to an object, but has not been granted those access rights. (0xc0000022)
[0218/101310.052:ERROR:exception_snapshot_win.cc(98)] thread ID 4824 not found in process
